Base path: 'C:/Users/justi/Documents/Software Engineering/SphyperMedia/UnityDemo/2019.3.3f1/Editor/Data', plugins path 'C:/Users/justi/Documents/Software Engineering/SphyperMedia/UnityDemo/2019.3.3f1/Editor/Data/PlaybackEngines'
Cmd: initializeCompiler
Cmd: compileComputeKernel
  api=4 insize=7960 outsize=1121 ok=1
Cmd: compileComputeKernel
  api=4 insize=9919 outsize=1879 ok=1
Cmd: compileComputeKernel
  api=4 insize=9919 outsize=1911 ok=1
Cmd: compileComputeKernel
  api=4 insize=47665 outsize=2939 ok=1
Cmd: compileComputeKernel
  api=4 insize=47665 outsize=1626 ok=1
Cmd: compileComputeKernel
  api=4 insize=47665 outsize=1306 ok=1
Cmd: compileComputeKernel
  api=4 insize=47665 outsize=1883 ok=1
Cmd: compileComputeKernel
  api=4 insize=47665 outsize=1916 ok=1
Cmd: compileComputeKernel
  api=4 insize=47665 outsize=2058 ok=1
Cmd: compileComputeKernel
  api=4 insize=47665 outsize=1337 ok=1
Cmd: compileComputeKernel
  api=4 insize=47665 outsize=2416 ok=1
Cmd: compileComputeKernel
  api=4 insize=68835 outsize=4640 ok=1
Cmd: compileComputeKernel
  api=4 insize=29386 outsize=937 ok=1
Cmd: compileComputeKernel
  api=4 insize=29386 outsize=854 ok=1
Cmd: compileComputeKernel
  api=4 insize=29386 outsize=805 ok=1
Cmd: compileComputeKernel
  api=4 insize=29386 outsize=854 ok=1
Cmd: compileComputeKernel
  api=4 insize=29386 outsize=1264 ok=1
Cmd: compileComputeKernel
  api=4 insize=29386 outsize=1519 ok=1
Cmd: compileComputeKernel
  api=4 insize=29386 outsize=1301 ok=1
Cmd: compileComputeKernel
  api=4 insize=29386 outsize=1354 ok=1
Cmd: compileComputeKernel
  api=4 insize=29386 outsize=1306 ok=1
Cmd: compileComputeKernel
  api=4 insize=29386 outsize=1626 ok=1
Cmd: compileComputeKernel
  api=4 insize=45523 outsize=2904 ok=1
Cmd: compileComputeKernel
  api=4 insize=45523 outsize=4373 ok=1
Cmd: compileSnippet
  api=4 type=1 insize=11846 outsize=5706 kw=SHADOWS_SPLIT_SPHERES pd=UNITY_ENABLE_REFLECTION_BUFFERS UNITY_USE_DITHER_MASK_FOR_ALPHABLENDED_SHADOWS UNITY_PBS_USE_BRDF1 UNITY_SPECCUBE_BOX_PROJECTION UNITY_SPECCUBE_BLENDING UNITY_ENABLE_DETAIL_NORMALMAP SHADER_API_DESKTOP UNITY_COLORSPACE_GAMMA UNITY_LIGHT_PROBE_PROXY_VOLUME UNITY_LIGHTMAP_FULL_HDR ok=1
